<?xml version="1.0" encoding="UTF-8"?>
<!-- Generated by org.testng.reporters.JUnitXMLReporter -->
<testsuite ignored="0" hostname="DESKTOP-I9E8UQV" failures="0" tests="6" name="Test" time="109.984" errors="0" timestamp="2022-10-11T15:06:07 IST">
  <testcase classname="Test_Class.Verifyusercanlogin" name="test1" time="4.782"/>
  <testcase classname="Test_Class.Usercangetlowestpriceproduct" name="VerifyUserCanSearchProduct" time="7.315"/>
  <testcase classname="Test_Class.Usercangetlowestpriceproduct" name="verifythatusercangetlowestprice" time="7.585"/>
  <testcase classname="Test_Class.Verfifyusercanaddnewadd" name="userlandonprofile" time="1.105"/>
  <testcase classname="Test_Class.Verfifyusercanaddnewadd" name="AddnewAddress" time="7.761"/>
  <testcase classname="Test_Class.Verfifyusercanaddnewadd" name="AddnewAddress" time="6.936"/>
</testsuite> <!-- Test -->
