<?xml version="1.0" encoding="UTF-8"?>
<testng-results ignored="0" total="6" passed="6" failed="0" skipped="0">
  <reporter-output>
    <line>
      <![CDATA[Test Started]]>
    </line>
    <line>
      <![CDATA[Enterd Emil ID]]>
    </line>
    <line>
      <![CDATA[Enterd Pass]]>
    </line>
    <line>
      <![CDATA[Test Passed]]>
    </line>
    <line>
      <![CDATA[Test Started]]>
    </line>
    <line>
      <![CDATA[Test Passed]]>
    </line>
    <line>
      <![CDATA[Test Started]]>
    </line>
    <line>
      <![CDATA[Test Passed]]>
    </line>
    <line>
      <![CDATA[Test Started]]>
    </line>
    <line>
      <![CDATA[Test Passed]]>
    </line>
    <line>
      <![CDATA[Test Started]]>
    </line>
    <line>
      <![CDATA[Test Passed]]>
    </line>
    <line>
      <![CDATA[Test Started]]>
    </line>
    <line>
      <![CDATA[Test Passed]]>
    </line>
  </reporter-output>
  <suite started-at="2022-10-11T15:04:17 IST" name="Suite" finished-at="2022-10-11T15:06:07 IST" duration-ms="109984">
    <groups>
    </groups>
    <test started-at="2022-10-11T15:04:17 IST" name="Test" finished-at="2022-10-11T15:06:07 IST" duration-ms="109984">
      <class name="Test_Class.Usercangetlowestpriceproduct">
        <test-method is-config="true" signature="beforeclass(java.lang.String)[pri:0, instance:Test_Class.Usercangetlowestpriceproduct@66982506]" started-at="2022-10-11T15:05:36 IST" name="beforeclass" finished-at="2022-10-11T15:05:36 IST" duration-ms="3" status="PASS">
          <params>
            <param index="0">
              <value>
                <![CDATA[chrome]]>
              </value>
            </param>
          </params>
          <reporter-output>
          </reporter-output>
        </test-method> <!-- beforeclass -->
        <test-method is-config="true" signature="beforeMethod()[pri:0, instance:Test_Class.Usercangetlowestpriceproduct@66982506]" started-at="2022-10-11T15:05:36 IST" name="beforeMethod" finished-at="2022-10-11T15:05:36 IST" duration-ms="5" status="PASS">
          <reporter-output>
          </reporter-output>
        </test-method> <!-- beforeMethod -->
        <test-method signature="VerifyUserCanSearchProduct()[pri:1, instance:Test_Class.Usercangetlowestpriceproduct@66982506]" started-at="2022-10-11T15:05:36 IST" name="VerifyUserCanSearchProduct" finished-at="2022-10-11T15:05:43 IST" duration-ms="7315" status="PASS">
          <reporter-output>
            <line>
              <![CDATA[Test Started]]>
            </line>
            <line>
              <![CDATA[Test Passed]]>
            </line>
          </reporter-output>
        </test-method> <!-- VerifyUserCanSearchProduct -->
        <test-method is-config="true" signature="aftermethod(org.testng.ITestResult)[pri:0, instance:Test_Class.Usercangetlowestpriceproduct@66982506]" started-at="2022-10-11T15:05:43 IST" name="aftermethod" finished-at="2022-10-11T15:05:43 IST" duration-ms="1" status="PASS">
          <params>
            <param index="0">
              <value>
                <![CDATA[[TestResult name=VerifyUserCanSearchProduct status=SUCCESS method=Usercangetlowestpriceproduct.VerifyUserCanSearchProduct()[pri:1, instance:Test_Class.Usercangetlowestpriceproduct@66982506] output=Test Started]]]>
              </value>
            </param>
          </params>
          <reporter-output>
          </reporter-output>
        </test-method> <!-- aftermethod -->
        <test-method is-config="true" signature="beforeMethod()[pri:0, instance:Test_Class.Usercangetlowestpriceproduct@66982506]" started-at="2022-10-11T15:05:43 IST" name="beforeMethod" finished-at="2022-10-11T15:05:43 IST" duration-ms="3" status="PASS">
          <reporter-output>
          </reporter-output>
        </test-method> <!-- beforeMethod -->
        <test-method signature="verifythatusercangetlowestprice()[pri:2, instance:Test_Class.Usercangetlowestpriceproduct@66982506]" started-at="2022-10-11T15:05:43 IST" name="verifythatusercangetlowestprice" finished-at="2022-10-11T15:05:51 IST" duration-ms="7585" status="PASS">
          <reporter-output>
            <line>
              <![CDATA[Test Started]]>
            </line>
            <line>
              <![CDATA[Test Passed]]>
            </line>
          </reporter-output>
        </test-method> <!-- verifythatusercangetlowestprice -->
        <test-method is-config="true" signature="aftermethod(org.testng.ITestResult)[pri:0, instance:Test_Class.Usercangetlowestpriceproduct@66982506]" started-at="2022-10-11T15:05:51 IST" name="aftermethod" finished-at="2022-10-11T15:05:51 IST" duration-ms="2" status="PASS">
          <params>
            <param index="0">
              <value>
                <![CDATA[[TestResult name=verifythatusercangetlowestprice status=SUCCESS method=Usercangetlowestpriceproduct.verifythatusercangetlowestprice()[pri:2, instance:Test_Class.Usercangetlowestpriceproduct@66982506] output=Test Started]]]>
              </value>
            </param>
          </params>
          <reporter-output>
          </reporter-output>
        </test-method> <!-- aftermethod -->
        <test-method is-config="true" signature="afterclass()[pri:0, instance:Test_Class.Usercangetlowestpriceproduct@66982506]" started-at="2022-10-11T15:05:51 IST" name="afterclass" finished-at="2022-10-11T15:05:51 IST" duration-ms="189" status="PASS">
          <reporter-output>
          </reporter-output>
        </test-method> <!-- afterclass -->
      </class> <!-- Test_Class.Usercangetlowestpriceproduct -->
      <class name="Test_Class.Verfifyusercanaddnewadd">
        <test-method is-config="true" signature="beforeclass(java.lang.String)[pri:0, instance:Test_Class.Verfifyusercanaddnewadd@70cf32e3]" started-at="2022-10-11T15:05:51 IST" name="beforeclass" finished-at="2022-10-11T15:05:51 IST" duration-ms="2" status="PASS">
          <params>
            <param index="0">
              <value>
                <![CDATA[chrome]]>
              </value>
            </param>
          </params>
          <reporter-output>
          </reporter-output>
        </test-method> <!-- beforeclass -->
        <test-method is-config="true" signature="beforeMethod()[pri:0, instance:Test_Class.Verfifyusercanaddnewadd@70cf32e3]" started-at="2022-10-11T15:05:51 IST" name="beforeMethod" finished-at="2022-10-11T15:05:51 IST" duration-ms="18" status="PASS">
          <reporter-output>
          </reporter-output>
        </test-method> <!-- beforeMethod -->
        <test-method signature="userlandonprofile()[pri:1, instance:Test_Class.Verfifyusercanaddnewadd@70cf32e3]" started-at="2022-10-11T15:05:51 IST" name="userlandonprofile" finished-at="2022-10-11T15:05:52 IST" duration-ms="1105" status="PASS">
          <reporter-output>
            <line>
              <![CDATA[Test Started]]>
            </line>
            <line>
              <![CDATA[Test Passed]]>
            </line>
          </reporter-output>
        </test-method> <!-- userlandonprofile -->
        <test-method is-config="true" signature="aftermetyhod(org.testng.ITestResult)[pri:0, instance:Test_Class.Verfifyusercanaddnewadd@70cf32e3]" started-at="2022-10-11T15:05:52 IST" name="aftermetyhod" finished-at="2022-10-11T15:05:52 IST" duration-ms="2" status="PASS">
          <params>
            <param index="0">
              <value>
                <![CDATA[[TestResult name=userlandonprofile status=SUCCESS method=Verfifyusercanaddnewadd.userlandonprofile()[pri:1, instance:Test_Class.Verfifyusercanaddnewadd@70cf32e3] output=Test Started]]]>
              </value>
            </param>
          </params>
          <reporter-output>
          </reporter-output>
        </test-method> <!-- aftermetyhod -->
        <test-method is-config="true" signature="beforeMethod()[pri:0, instance:Test_Class.Verfifyusercanaddnewadd@70cf32e3]" started-at="2022-10-11T15:05:52 IST" name="beforeMethod" finished-at="2022-10-11T15:05:52 IST" duration-ms="2" status="PASS">
          <reporter-output>
          </reporter-output>
        </test-method> <!-- beforeMethod -->
        <test-method signature="AddnewAddress(java.lang.String,java.lang.String,java.lang.String,java.lang.String,java.lang.String)[pri:2, instance:Test_Class.Verfifyusercanaddnewadd@70cf32e3]" started-at="2022-10-11T15:05:52 IST" name="AddnewAddress" data-provider="Adressdata" finished-at="2022-10-11T15:06:00 IST" duration-ms="7761" status="PASS">
          <params>
            <param index="0">
              <value>
                <![CDATA[Akki]]>
              </value>
            </param>
            <param index="1">
              <value>
                <![CDATA[9825632156]]>
              </value>
            </param>
            <param index="2">
              <value>
                <![CDATA[411044]]>
              </value>
            </param>
            <param index="3">
              <value>
                <![CDATA[sus]]>
              </value>
            </param>
            <param index="4">
              <value>
                <![CDATA[A-14,narmada]]>
              </value>
            </param>
          </params>
          <reporter-output>
            <line>
              <![CDATA[Test Started]]>
            </line>
            <line>
              <![CDATA[Test Passed]]>
            </line>
          </reporter-output>
        </test-method> <!-- AddnewAddress -->
        <test-method is-config="true" signature="aftermetyhod(org.testng.ITestResult)[pri:0, instance:Test_Class.Verfifyusercanaddnewadd@70cf32e3]" started-at="2022-10-11T15:06:00 IST" name="aftermetyhod" finished-at="2022-10-11T15:06:00 IST" duration-ms="4" status="PASS">
          <params>
            <param index="0">
              <value>
                <![CDATA[[TestResult name=AddnewAddress status=SUCCESS method=Verfifyusercanaddnewadd.AddnewAddress(java.lang.String,java.lang.String,java.lang.String,java.lang.String,java.lang.String)[pri:2, instance:Test_Class.Verfifyusercanaddnewadd@70cf32e3] output=Test Started]]]>
              </value>
            </param>
          </params>
          <reporter-output>
          </reporter-output>
        </test-method> <!-- aftermetyhod -->
        <test-method is-config="true" signature="beforeMethod()[pri:0, instance:Test_Class.Verfifyusercanaddnewadd@70cf32e3]" started-at="2022-10-11T15:06:00 IST" name="beforeMethod" finished-at="2022-10-11T15:06:00 IST" duration-ms="3" status="PASS">
          <reporter-output>
          </reporter-output>
        </test-method> <!-- beforeMethod -->
        <test-method signature="AddnewAddress(java.lang.String,java.lang.String,java.lang.String,java.lang.String,java.lang.String)[pri:2, instance:Test_Class.Verfifyusercanaddnewadd@70cf32e3]" started-at="2022-10-11T15:06:00 IST" name="AddnewAddress" data-provider="Adressdata" finished-at="2022-10-11T15:06:07 IST" duration-ms="6936" status="PASS">
          <params>
            <param index="0">
              <value>
                <![CDATA[Akki1]]>
              </value>
            </param>
            <param index="1">
              <value>
                <![CDATA[9822056402]]>
              </value>
            </param>
            <param index="2">
              <value>
                <![CDATA[411044]]>
              </value>
            </param>
            <param index="3">
              <value>
                <![CDATA[pashan]]>
              </value>
            </param>
            <param index="4">
              <value>
                <![CDATA[A-25,Kaveri]]>
              </value>
            </param>
          </params>
          <reporter-output>
            <line>
              <![CDATA[Test Started]]>
            </line>
            <line>
              <![CDATA[Test Passed]]>
            </line>
          </reporter-output>
        </test-method> <!-- AddnewAddress -->
        <test-method is-config="true" signature="aftermetyhod(org.testng.ITestResult)[pri:0, instance:Test_Class.Verfifyusercanaddnewadd@70cf32e3]" started-at="2022-10-11T15:06:07 IST" name="aftermetyhod" finished-at="2022-10-11T15:06:07 IST" duration-ms="2" status="PASS">
          <params>
            <param index="0">
              <value>
                <![CDATA[[TestResult name=AddnewAddress status=SUCCESS method=Verfifyusercanaddnewadd.AddnewAddress(java.lang.String,java.lang.String,java.lang.String,java.lang.String,java.lang.String)[pri:2, instance:Test_Class.Verfifyusercanaddnewadd@70cf32e3] output=Test Started]]]>
              </value>
            </param>
          </params>
          <reporter-output>
          </reporter-output>
        </test-method> <!-- aftermetyhod -->
        <test-method is-config="true" signature="afterclass()[pri:0, instance:Test_Class.Verfifyusercanaddnewadd@70cf32e3]" started-at="2022-10-11T15:06:07 IST" name="afterclass" finished-at="2022-10-11T15:06:07 IST" duration-ms="206" status="PASS">
          <reporter-output>
          </reporter-output>
        </test-method> <!-- afterclass -->
      </class> <!-- Test_Class.Verfifyusercanaddnewadd -->
      <class name="Test_Class.Verifyusercanlogin">
        <test-method is-config="true" signature="beforeclass(java.lang.String)[pri:0, instance:Test_Class.Verifyusercanlogin@28dcca0c]" started-at="2022-10-11T15:04:17 IST" name="beforeclass" finished-at="2022-10-11T15:05:28 IST" duration-ms="70598" status="PASS">
          <params>
            <param index="0">
              <value>
                <![CDATA[chrome]]>
              </value>
            </param>
          </params>
          <reporter-output>
          </reporter-output>
        </test-method> <!-- beforeclass -->
        <test-method is-config="true" signature="beforemethod()[pri:0, instance:Test_Class.Verifyusercanlogin@28dcca0c]" started-at="2022-10-11T15:05:28 IST" name="beforemethod" finished-at="2022-10-11T15:05:29 IST" duration-ms="1034" status="PASS">
          <reporter-output>
          </reporter-output>
        </test-method> <!-- beforemethod -->
        <test-method signature="test1()[pri:1, instance:Test_Class.Verifyusercanlogin@28dcca0c]" started-at="2022-10-11T15:05:29 IST" name="test1" finished-at="2022-10-11T15:05:34 IST" duration-ms="4782" status="PASS">
          <reporter-output>
            <line>
              <![CDATA[Test Started]]>
            </line>
            <line>
              <![CDATA[Enterd Emil ID]]>
            </line>
            <line>
              <![CDATA[Enterd Pass]]>
            </line>
            <line>
              <![CDATA[Test Passed]]>
            </line>
          </reporter-output>
        </test-method> <!-- test1 -->
        <test-method is-config="true" signature="aftermethod(org.testng.ITestResult)[pri:0, instance:Test_Class.Verifyusercanlogin@28dcca0c]" started-at="2022-10-11T15:05:34 IST" name="aftermethod" finished-at="2022-10-11T15:05:34 IST" duration-ms="3" status="PASS">
          <params>
            <param index="0">
              <value>
                <![CDATA[[TestResult name=test1 status=SUCCESS method=Verifyusercanlogin.test1()[pri:1, instance:Test_Class.Verifyusercanlogin@28dcca0c] output=Test Started]]]>
              </value>
            </param>
          </params>
          <reporter-output>
          </reporter-output>
        </test-method> <!-- aftermethod -->
        <test-method is-config="true" signature="afterclass()[pri:0, instance:Test_Class.Verifyusercanlogin@28dcca0c]" started-at="2022-10-11T15:05:34 IST" name="afterclass" finished-at="2022-10-11T15:05:36 IST" duration-ms="2108" status="PASS">
          <reporter-output>
          </reporter-output>
        </test-method> <!-- afterclass -->
      </class> <!-- Test_Class.Verifyusercanlogin -->
    </test> <!-- Test -->
  </suite> <!-- Suite -->
</testng-results>
